time ./notebook_clone.py 
shape(features) = (34799, 32, 32, 3)
shape(labels) = (34799,)
Number of training examples = 34799
Number of validation examples = 4410
Number of testing examples = 12630
Image data shape = (32,32)
Number of classes = 43
Training...

EPOCH 1 ...
Validation Accuracy = 0.793

EPOCH 2 ...
Validation Accuracy = 0.859

EPOCH 3 ...
Validation Accuracy = 0.873

EPOCH 4 ...
Validation Accuracy = 0.891

EPOCH 5 ...
Validation Accuracy = 0.908

EPOCH 6 ...
Validation Accuracy = 0.899

EPOCH 7 ...
Validation Accuracy = 0.897

EPOCH 8 ...
Validation Accuracy = 0.911

EPOCH 9 ...
Validation Accuracy = 0.905

EPOCH 10 ...
Validation Accuracy = 0.905

EPOCH 11 ...
Validation Accuracy = 0.912

EPOCH 12 ...
Validation Accuracy = 0.926

EPOCH 13 ...
Validation Accuracy = 0.911

EPOCH 14 ...
Validation Accuracy = 0.914

EPOCH 15 ...
Validation Accuracy = 0.906

EPOCH 16 ...
Validation Accuracy = 0.915

EPOCH 17 ...
Validation Accuracy = 0.921

EPOCH 18 ...
Validation Accuracy = 0.926

EPOCH 19 ...
Validation Accuracy = 0.909

EPOCH 20 ...
Validation Accuracy = 0.905

EPOCH 21 ...
Validation Accuracy = 0.931

EPOCH 22 ...
Validation Accuracy = 0.916

EPOCH 23 ...
Validation Accuracy = 0.925

EPOCH 24 ...
Validation Accuracy = 0.913

EPOCH 25 ...
Validation Accuracy = 0.925

EPOCH 26 ...
Validation Accuracy = 0.918

EPOCH 27 ...
Validation Accuracy = 0.913

EPOCH 28 ...
Validation Accuracy = 0.912

EPOCH 29 ...
Validation Accuracy = 0.939

Model saved
Test Accuracy = 0.931

real	7m23.508s
user	25m57.840s
sys	4m3.495s
